(0000) 3000  0011000000000000 (   1)                 .ORIG x3000
(3000) 5020  0101000000100000 (   3)                 AND   R0 R0 #0
(3001) EE01  1110111000000001 (   4)                 LEA   R7 Read
(3002) 3E58  0011111001011000 (   5)                 ST    R7 invR7
(3003) E021  1110000000100001 (   6) Read            LEA   R0 ToH
(3004) F022  1111000000100010 (   7)                 TRAP  x22
(3005) F020  1111000000100000 (   8)                 TRAP  x20
(3006) 248B  0010010010001011 (   9)                 LD    R2 int0
(3007) 1202  0001001000000010 (  10)                 ADD   R1 R0 R2
(3008) 08FA  0000100011111010 (  11)                 BRN   INVALID
(3009) 2489  0010010010001001 (  12)                 LD    R2 int9
(300A) 1202  0001001000000010 (  13)                 ADD   R1 R0 R2
(300B) 02F7  0000001011110111 (  14)                 BRP   INVALID
(300C) F021  1111000000100001 (  16)                 TRAP  x21
(300D) 3087  0011000010000111 (  17)                 ST    R0 PrnV
(300E) 2483  0010010010000011 (  18)                 LD    R2 int0
(300F) 1002  0001000000000010 (  19)                 ADD   R0 R0 R2
(3010) 3083  0011000010000011 (  20)                 ST    R0 Count
(3011) E04A  1110000001001010 (  22)                 LEA   R0 Inst
(3012) F022  1111000000100010 (  23)                 TRAP  x22
(3013) 2081  0010000010000001 (  24)                 LD    R0 PrnV
(3014) F021  1111000000100001 (  25)                 TRAP  x21
(3015) E05D  1110000001011101 (  26)                 LEA   R0 Inst2
(3016) F022  1111000000100010 (  27)                 TRAP  x22
(3017) 207C  0010000001111100 (  29)                 LD    R0 Count
(3018) 5260  0101001001100000 (  30)                 AND   R1 R1 #0
(3019) 1261  0001001001100001 (  31)                 ADD   R1 R1 #1
(301A) 54A0  0101010010100000 (  32)                 AND   R2 R2 #0
(301B) 14A3  0001010010100011 (  33)                 ADD   R2 R2 #3
(301C) 56E0  0101011011100000 (  34)                 AND   R3 R3 #0
(301D) 16E2  0001011011100010 (  35)                 ADD   R3 R3 #2
(301E) 2A78  0010101001111000 (  36)                 LD    R5 BtmStk
(301F) 2C77  0010110001110111 (  37)                 LD    R6 BtmStk
(3020) EE02  1110111000000010 (  38)                 LEA   R7 x3023
(3021) 3E76  0011111001110110 (  39)                 ST    R7 True7
(3022) 4876  0100100001110110 (  40)                 JSR   MvDisk
(3023) 0E00  0000111000000000 (  41)                 BRNZP DONE
(3024) F025  1111000000100101 (  45) DONE            TRAP  x25
(3025) 002D  0000000000101101 (  48) ToH             .FILL x002D
(3026) 002D  0000000000101101 (  48)                 .FILL x002D
(3027) 0054  0000000001010100 (  48)                 .FILL x0054
(3028) 006F  0000000001101111 (  48)                 .FILL x006F
(3029) 0077  0000000001110111 (  48)                 .FILL x0077
(302A) 0065  0000000001100101 (  48)                 .FILL x0065
(302B) 0072  0000000001110010 (  48)                 .FILL x0072
(302C) 0073  0000000001110011 (  48)                 .FILL x0073
(302D) 0020  0000000000100000 (  48)                 .FILL x0020
(302E) 006F  0000000001101111 (  48)                 .FILL x006F
(302F) 0066  0000000001100110 (  48)                 .FILL x0066
(3030) 0020  0000000000100000 (  48)                 .FILL x0020
(3031) 0048  0000000001001000 (  48)                 .FILL x0048
(3032) 0061  0000000001100001 (  48)                 .FILL x0061
(3033) 006E  0000000001101110 (  48)                 .FILL x006E
(3034) 006F  0000000001101111 (  48)                 .FILL x006F
(3035) 0069  0000000001101001 (  48)                 .FILL x0069
(3036) 002D  0000000000101101 (  48)                 .FILL x002D
(3037) 002D  0000000000101101 (  48)                 .FILL x002D
(3038) 000A  0000000000001010 (  48)                 .FILL x000A
(3039) 0048  0000000001001000 (  48)                 .FILL x0048
(303A) 006F  0000000001101111 (  48)                 .FILL x006F
(303B) 0077  0000000001110111 (  48)                 .FILL x0077
(303C) 0020  0000000000100000 (  48)                 .FILL x0020
(303D) 006D  0000000001101101 (  48)                 .FILL x006D
(303E) 0061  0000000001100001 (  48)                 .FILL x0061
(303F) 006E  0000000001101110 (  48)                 .FILL x006E
(3040) 0079  0000000001111001 (  48)                 .FILL x0079
(3041) 0020  0000000000100000 (  48)                 .FILL x0020
(3042) 0064  0000000001100100 (  48)                 .FILL x0064
(3043) 0069  0000000001101001 (  48)                 .FILL x0069
(3044) 0073  0000000001110011 (  48)                 .FILL x0073
(3045) 006B  0000000001101011 (  48)                 .FILL x006B
(3046) 0073  0000000001110011 (  48)                 .FILL x0073
(3047) 003F  0000000000111111 (  48)                 .FILL x003F
(3048) 0020  0000000000100000 (  48)                 .FILL x0020
(3049) 0000  0000000000000000 (  48)                 .FILL x0000
(304A) 000A  0000000000001010 (  49) inv             .FILL x000A
(304B) 0049  0000000001001001 (  49)                 .FILL x0049
(304C) 006E  0000000001101110 (  49)                 .FILL x006E
(304D) 0076  0000000001110110 (  49)                 .FILL x0076
(304E) 0061  0000000001100001 (  49)                 .FILL x0061
(304F) 006C  0000000001101100 (  49)                 .FILL x006C
(3050) 0069  0000000001101001 (  49)                 .FILL x0069
(3051) 0064  0000000001100100 (  49)                 .FILL x0064
(3052) 0020  0000000000100000 (  49)                 .FILL x0020
(3053) 0076  0000000001110110 (  49)                 .FILL x0076
(3054) 0061  0000000001100001 (  49)                 .FILL x0061
(3055) 006C  0000000001101100 (  49)                 .FILL x006C
(3056) 0075  0000000001110101 (  49)                 .FILL x0075
(3057) 0065  0000000001100101 (  49)                 .FILL x0065
(3058) 0021  0000000000100001 (  49)                 .FILL x0021
(3059) 000A  0000000000001010 (  49)                 .FILL x000A
(305A) 0000  0000000000000000 (  49)                 .FILL x0000
(305B) 0000  0000000000000000 (  51) invR7           .FILL x0000
(305C) 000A  0000000000001010 (  51) Inst            .FILL x000A
(305D) 0049  0000000001001001 (  51)                 .FILL x0049
(305E) 006E  0000000001101110 (  51)                 .FILL x006E
(305F) 0073  0000000001110011 (  51)                 .FILL x0073
(3060) 0074  0000000001110100 (  51)                 .FILL x0074
(3061) 0072  0000000001110010 (  51)                 .FILL x0072
(3062) 0075  0000000001110101 (  51)                 .FILL x0075
(3063) 0063  0000000001100011 (  51)                 .FILL x0063
(3064) 0074  0000000001110100 (  51)                 .FILL x0074
(3065) 0069  0000000001101001 (  51)                 .FILL x0069
(3066) 006F  0000000001101111 (  51)                 .FILL x006F
(3067) 006E  0000000001101110 (  51)                 .FILL x006E
(3068) 0073  0000000001110011 (  51)                 .FILL x0073
(3069) 0020  0000000000100000 (  51)                 .FILL x0020
(306A) 0074  0000000001110100 (  51)                 .FILL x0074
(306B) 006F  0000000001101111 (  51)                 .FILL x006F
(306C) 0020  0000000000100000 (  51)                 .FILL x0020
(306D) 006D  0000000001101101 (  51)                 .FILL x006D
(306E) 006F  0000000001101111 (  51)                 .FILL x006F
(306F) 0076  0000000001110110 (  51)                 .FILL x0076
(3070) 0065  0000000001100101 (  51)                 .FILL x0065
(3071) 0020  0000000000100000 (  51)                 .FILL x0020
(3072) 0000  0000000000000000 (  51)                 .FILL x0000
(3073) 0020  0000000000100000 (  52) Inst2           .FILL x0020
(3074) 0064  0000000001100100 (  52)                 .FILL x0064
(3075) 0069  0000000001101001 (  52)                 .FILL x0069
(3076) 0073  0000000001110011 (  52)                 .FILL x0073
(3077) 006B  0000000001101011 (  52)                 .FILL x006B
(3078) 0073  0000000001110011 (  52)                 .FILL x0073
(3079) 0020  0000000000100000 (  52)                 .FILL x0020
(307A) 0066  0000000001100110 (  52)                 .FILL x0066
(307B) 0072  0000000001110010 (  52)                 .FILL x0072
(307C) 006F  0000000001101111 (  52)                 .FILL x006F
(307D) 006D  0000000001101101 (  52)                 .FILL x006D
(307E) 0020  0000000000100000 (  52)                 .FILL x0020
(307F) 0070  0000000001110000 (  52)                 .FILL x0070
(3080) 006F  0000000001101111 (  52)                 .FILL x006F
(3081) 0073  0000000001110011 (  52)                 .FILL x0073
(3082) 0074  0000000001110100 (  52)                 .FILL x0074
(3083) 0020  0000000000100000 (  52)                 .FILL x0020
(3084) 0031  0000000000110001 (  52)                 .FILL x0031
(3085) 0020  0000000000100000 (  52)                 .FILL x0020
(3086) 0074  0000000001110100 (  52)                 .FILL x0074
(3087) 006F  0000000001101111 (  52)                 .FILL x006F
(3088) 0020  0000000000100000 (  52)                 .FILL x0020
(3089) 0070  0000000001110000 (  52)                 .FILL x0070
(308A) 006F  0000000001101111 (  52)                 .FILL x006F
(308B) 0073  0000000001110011 (  52)                 .FILL x0073
(308C) 0074  0000000001110100 (  52)                 .FILL x0074
(308D) 0020  0000000000100000 (  52)                 .FILL x0020
(308E) 0033  0000000000110011 (  52)                 .FILL x0033
(308F) 003A  0000000000111010 (  52)                 .FILL x003A
(3090) 000A  0000000000001010 (  52)                 .FILL x000A
(3091) 0000  0000000000000000 (  52)                 .FILL x0000
(3092) FFD0  1111111111010000 (  53) int0            .FILL xFFD0
(3093) FFC7  1111111111000111 (  54) int9            .FILL xFFC7
(3094) 0000  0000000000000000 (  56) Count           .FILL x0000
(3095) 0000  0000000000000000 (  57) PrnV            .FILL x0000
(3096) 0030  0000000000110000 (  57) Prn             .FILL x0030
(3097) 4FFF  0100111111111111 (  58) BtmStk          .FILL x4FFF
(3098) 0000  0000000000000000 (  62) True7           .FILL x0000
(3099) 3093  0011000010010011 (  62) MvDisk          ST    R0 R0Save
(309A) 3893  0011100010010011 (  63)                 ST    R4 R4Save
(309B) 183F  0001100000111111 (  64)                 ADD   R4 R0 #-1
(309C) 044E  0000010001001110 (  65)                 BRZ   OneDisk
(309D) 7180  0111000110000000 (  68)                 STR   R0 R6 #0
(309E) 1DBF  0001110110111111 (  69)                 ADD   R6 R6 #-1
(309F) 7380  0111001110000000 (  70)                 STR   R1 R6 #0
(30A0) 1DBF  0001110110111111 (  71)                 ADD   R6 R6 #-1
(30A1) 7580  0111010110000000 (  72)                 STR   R2 R6 #0
(30A2) 1DBF  0001110110111111 (  73)                 ADD   R6 R6 #-1
(30A3) 7780  0111011110000000 (  74)                 STR   R3 R6 #0
(30A4) 1DBF  0001110110111111 (  75)                 ADD   R6 R6 #-1
(30A5) 7F80  0111111110000000 (  76)                 STR   R7 R6 #0
(30A6) 1DBF  0001110110111111 (  77)                 ADD   R6 R6 #-1
(30A7) 103F  0001000000111111 (  79)                 ADD   R0 R0 #-1
(30A8) 5920  0101100100100000 (  80)                 AND   R4 R4 #0
(30A9) 1884  0001100010000100 (  81)                 ADD   R4 R2 R4
(30AA) 54A0  0101010010100000 (  82)                 AND   R2 R2 #0
(30AB) 14C2  0001010011000010 (  83)                 ADD   R2 R3 R2
(30AC) 56E0  0101011011100000 (  84)                 AND   R3 R3 #0
(30AD) 1703  0001011100000011 (  85)                 ADD   R3 R4 R3
(30AE) 4FEA  0100111111101010 (  87)                 JSR   MvDisk
(30AF) 1DA1  0001110110100001 (  89)                 ADD   R6 R6 #1
(30B0) 6F80  0110111110000000 (  90)                 LDR   R7 R6 #0
(30B1) 1DA1  0001110110100001 (  91)                 ADD   R6 R6 #1
(30B2) 6780  0110011110000000 (  92)                 LDR   R3 R6 #0
(30B3) 1DA1  0001110110100001 (  93)                 ADD   R6 R6 #1
(30B4) 6580  0110010110000000 (  94)                 LDR   R2 R6 #0
(30B5) 1DA1  0001110110100001 (  95)                 ADD   R6 R6 #1
(30B6) 6380  0110001110000000 (  96)                 LDR   R1 R6 #0
(30B7) 1DA1  0001110110100001 (  97)                 ADD   R6 R6 #1
(30B8) 6180  0110000110000000 (  98)                 LDR   R0 R6 #0
(30B9) 3073  0011000001110011 ( 100)                 ST    R0 R0Save
(30BA) 3E4D  0011111001001101 ( 101)                 ST    R7 R7Save
(30BB) E04D  1110000001001101 ( 102)                 LEA   R0 Disks
(30BC) F022  1111000000100010 ( 103)                 TRAP  x22
(30BD) 29D8  0010100111011000 ( 104)                 LD    R4 Prn
(30BE) 206E  0010000001101110 ( 105)                 LD    R0 R0Save
(30BF) 1100  0001000100000000 ( 106)                 ADD   R0 R4 R0
(30C0) F021  1111000000100001 ( 107)                 TRAP  x21
(30C1) E052  1110000001010010 ( 108)                 LEA   R0 Disks2
(30C2) F022  1111000000100010 ( 109)                 TRAP  x22
(30C3) 1044  0001000001000100 ( 110)                 ADD   R0 R1 R4
(30C4) F021  1111000000100001 ( 111)                 TRAP  x21
(30C5) E05A  1110000001011010 ( 112)                 LEA   R0 Disks3
(30C6) F022  1111000000100010 ( 113)                 TRAP  x22
(30C7) 1084  0001000010000100 ( 114)                 ADD   R0 R2 R4
(30C8) F021  1111000000100001 ( 115)                 TRAP  x21
(30C9) E060  1110000001100000 ( 116)                 LEA   R0 Fin
(30CA) F024  1111000000100100 ( 117)                 TRAP  x24
(30CB) 2061  0010000001100001 ( 118)                 LD    R0 R0Save
(30CC) 2E3B  0010111000111011 ( 119)                 LD    R7 R7Save
(30CD) 7180  0111000110000000 ( 121)                 STR   R0 R6 #0
(30CE) 1DBF  0001110110111111 ( 122)                 ADD   R6 R6 #-1
(30CF) 7380  0111001110000000 ( 123)                 STR   R1 R6 #0
(30D0) 1DBF  0001110110111111 ( 124)                 ADD   R6 R6 #-1
(30D1) 7580  0111010110000000 ( 125)                 STR   R2 R6 #0
(30D2) 1DBF  0001110110111111 ( 126)                 ADD   R6 R6 #-1
(30D3) 7780  0111011110000000 ( 127)                 STR   R3 R6 #0
(30D4) 1DBF  0001110110111111 ( 128)                 ADD   R6 R6 #-1
(30D5) 7F80  0111111110000000 ( 129)                 STR   R7 R6 #0
(30D6) 1DBF  0001110110111111 ( 130)                 ADD   R6 R6 #-1
(30D7) 103F  0001000000111111 ( 132)                 ADD   R0 R0 #-1
(30D8) 5920  0101100100100000 ( 133)                 AND   R4 R4 #0
(30D9) 1844  0001100001000100 ( 134)                 ADD   R4 R1 R4
(30DA) 5260  0101001001100000 ( 135)                 AND   R1 R1 #0
(30DB) 12C1  0001001011000001 ( 136)                 ADD   R1 R3 R1
(30DC) 56E0  0101011011100000 ( 137)                 AND   R3 R3 #0
(30DD) 1703  0001011100000011 ( 138)                 ADD   R3 R4 R3
(30DE) 4FBA  0100111110111010 ( 140)                 JSR   MvDisk
(30DF) 1DA1  0001110110100001 ( 142)                 ADD   R6 R6 #1
(30E0) 6F80  0110111110000000 ( 143)                 LDR   R7 R6 #0
(30E1) 1DA1  0001110110100001 ( 144)                 ADD   R6 R6 #1
(30E2) 6780  0110011110000000 ( 145)                 LDR   R3 R6 #0
(30E3) 1DA1  0001110110100001 ( 146)                 ADD   R6 R6 #1
(30E4) 6580  0110010110000000 ( 147)                 LDR   R2 R6 #0
(30E5) 1DA1  0001110110100001 ( 148)                 ADD   R6 R6 #1
(30E6) 6380  0110001110000000 ( 149)                 LDR   R1 R6 #0
(30E7) 1DA1  0001110110100001 ( 150)                 ADD   R6 R6 #1
(30E8) 6180  0110000110000000 ( 151)                 LDR   R0 R6 #0
(30E9) C1C0  1100000111000000 ( 152)                 RET   
(30EA) 0E15  0000111000010101 ( 154)                 BRNZP Finish
(30EB) 3041  0011000001000001 ( 156) OneDisk         ST    R0 R0Save
(30EC) 3E1B  0011111000011011 ( 157)                 ST    R7 R7Save
(30ED) E01B  1110000000011011 ( 158)                 LEA   R0 Disks
(30EE) F022  1111000000100010 ( 159)                 TRAP  x22
(30EF) 29A6  0010100110100110 ( 160)                 LD    R4 Prn
(30F0) 203C  0010000000111100 ( 161)                 LD    R0 R0Save
(30F1) 1100  0001000100000000 ( 162)                 ADD   R0 R4 R0
(30F2) F021  1111000000100001 ( 163)                 TRAP  x21
(30F3) E020  1110000000100000 ( 164)                 LEA   R0 Disks2
(30F4) F022  1111000000100010 ( 165)                 TRAP  x22
(30F5) 1044  0001000001000100 ( 166)                 ADD   R0 R1 R4
(30F6) F021  1111000000100001 ( 167)                 TRAP  x21
(30F7) E028  1110000000101000 ( 168)                 LEA   R0 Disks3
(30F8) F022  1111000000100010 ( 169)                 TRAP  x22
(30F9) 1084  0001000010000100 ( 170)                 ADD   R0 R2 R4
(30FA) F021  1111000000100001 ( 171)                 TRAP  x21
(30FB) E02E  1110000000101110 ( 172)                 LEA   R0 Fin
(30FC) F024  1111000000100100 ( 173)                 TRAP  x24
(30FD) 202F  0010000000101111 ( 174)                 LD    R0 R0Save
(30FE) 2E09  0010111000001001 ( 175)                 LD    R7 R7Save
(30FF) C1C0  1100000111000000 ( 176)                 RET   
(3100) 282D  0010100000101101 ( 178) Finish          LD    R4 R4Save
(3101) 2F96  0010111110010110 ( 179)                 LD    R7 True7
(3102) C1C0  1100000111000000 ( 180)                 RET   
(3103) F021  1111000000100001 ( 183) INVALID         TRAP  x21
(3104) E145  1110000101000101 ( 184)                 LEA   R0 inv
(3105) F022  1111000000100010 ( 185)                 TRAP  x22
(3106) 2F54  0010111101010100 ( 186)                 LD    R7 invR7
(3107) C1C0  1100000111000000 ( 187)                 RET   
(3108) 0000  0000000000000000 ( 190) R7Save          .FILL x0000
(3109) 004D  0000000001001101 ( 190) Disks           .FILL x004D
(310A) 006F  0000000001101111 ( 190)                 .FILL x006F
(310B) 0076  0000000001110110 ( 190)                 .FILL x0076
(310C) 0065  0000000001100101 ( 190)                 .FILL x0065
(310D) 0020  0000000000100000 ( 190)                 .FILL x0020
(310E) 0064  0000000001100100 ( 190)                 .FILL x0064
(310F) 0069  0000000001101001 ( 190)                 .FILL x0069
(3110) 0073  0000000001110011 ( 190)                 .FILL x0073
(3111) 006B  0000000001101011 ( 190)                 .FILL x006B
(3112) 0020  0000000000100000 ( 190)                 .FILL x0020
(3113) 0000  0000000000000000 ( 190)                 .FILL x0000
(3114) 0020  0000000000100000 ( 191) Disks2          .FILL x0020
(3115) 0066  0000000001100110 ( 191)                 .FILL x0066
(3116) 0072  0000000001110010 ( 191)                 .FILL x0072
(3117) 006F  0000000001101111 ( 191)                 .FILL x006F
(3118) 006D  0000000001101101 ( 191)                 .FILL x006D
(3119) 0020  0000000000100000 ( 191)                 .FILL x0020
(311A) 0070  0000000001110000 ( 191)                 .FILL x0070
(311B) 006F  0000000001101111 ( 191)                 .FILL x006F
(311C) 0073  0000000001110011 ( 191)                 .FILL x0073
(311D) 0074  0000000001110100 ( 191)                 .FILL x0074
(311E) 0020  0000000000100000 ( 191)                 .FILL x0020
(311F) 0000  0000000000000000 ( 191)                 .FILL x0000
(3120) 0020  0000000000100000 ( 192) Disks3          .FILL x0020
(3121) 0074  0000000001110100 ( 192)                 .FILL x0074
(3122) 006F  0000000001101111 ( 192)                 .FILL x006F
(3123) 0020  0000000000100000 ( 192)                 .FILL x0020
(3124) 0070  0000000001110000 ( 192)                 .FILL x0070
(3125) 006F  0000000001101111 ( 192)                 .FILL x006F
(3126) 0073  0000000001110011 ( 192)                 .FILL x0073
(3127) 0074  0000000001110100 ( 192)                 .FILL x0074
(3128) 0020  0000000000100000 ( 192)                 .FILL x0020
(3129) 0000  0000000000000000 ( 192)                 .FILL x0000
(312A) 002E  0000000000101110 ( 193) Fin             .FILL x002E
(312B) 000A  0000000000001010 ( 193)                 .FILL x000A
(312C) 0000  0000000000000000 ( 193)                 .FILL x0000
(312D) 0000  0000000000000000 ( 195) R0Save          .FILL x0000
(312E) 0000  0000000000000000 ( 197) R4Save          .FILL x0000
